[2023-04-28T21:23:17.809+0000] {taskinstance.py:1087} INFO - Dependencies all met for <TaskInstance: Transform.wait_for_extraction manual__2023-04-28T21:23:11.605512+00:00 [queued]>
[2023-04-28T21:23:17.821+0000] {taskinstance.py:1087} INFO - Dependencies all met for <TaskInstance: Transform.wait_for_extraction manual__2023-04-28T21:23:11.605512+00:00 [queued]>
[2023-04-28T21:23:17.822+0000] {taskinstance.py:1283} INFO - 
--------------------------------------------------------------------------------
[2023-04-28T21:23:17.835+0000] {taskinstance.py:1284} INFO - Starting attempt 1 of 2
[2023-04-28T21:23:17.836+0000] {taskinstance.py:1285} INFO - 
--------------------------------------------------------------------------------
[2023-04-28T21:23:18.084+0000] {taskinstance.py:1304} INFO - Executing <Task(ExternalTaskSensor): wait_for_extraction> on 2023-04-28 21:23:11.605512+00:00
[2023-04-28T21:23:18.091+0000] {standard_task_runner.py:55} INFO - Started process 508 to run task
[2023-04-28T21:23:18.094+0000] {standard_task_runner.py:82} INFO - Running: ['***', 'tasks', 'run', 'Transform', 'wait_for_extraction', 'manual__2023-04-28T21:23:11.605512+00:00', '--job-id', '192', '--raw', '--subdir', 'DAGS_FOLDER/Dag.py', '--cfg-path', '/tmp/tmp3wwnn8ng']
[2023-04-28T21:23:18.097+0000] {standard_task_runner.py:83} INFO - Job 192: Subtask wait_for_extraction
[2023-04-28T21:23:18.318+0000] {task_command.py:389} INFO - Running <TaskInstance: Transform.wait_for_extraction manual__2023-04-28T21:23:11.605512+00:00 [running]> on host e114c0ed59d0
[2023-04-28T21:23:18.853+0000] {taskinstance.py:1511} INFO - Exporting the following env vars:
AIRFLOW_CTX_DAG_OWNER=Lina Arroyo
AIRFLOW_CTX_DAG_ID=Transform
AIRFLOW_CTX_TASK_ID=wait_for_extraction
AIRFLOW_CTX_EXECUTION_DATE=2023-04-28T21:23:11.605512+00:00
AIRFLOW_CTX_TRY_NUMBER=1
AIRFLOW_CTX_DAG_RUN_ID=manual__2023-04-28T21:23:11.605512+00:00
[2023-04-28T21:23:18.855+0000] {external_task.py:203} INFO - Poking for tasks ['extract'] in dag Extract on 2023-04-28T21:23:11.605512+00:00 ... 
[2023-04-28T21:24:18.925+0000] {external_task.py:203} INFO - Poking for tasks ['extract'] in dag Extract on 2023-04-28T21:23:11.605512+00:00 ... 
[2023-04-28T21:25:19.007+0000] {external_task.py:203} INFO - Poking for tasks ['extract'] in dag Extract on 2023-04-28T21:23:11.605512+00:00 ... 
[2023-04-28T21:26:19.067+0000] {external_task.py:203} INFO - Poking for tasks ['extract'] in dag Extract on 2023-04-28T21:23:11.605512+00:00 ... 
[2023-04-28T21:27:19.130+0000] {external_task.py:203} INFO - Poking for tasks ['extract'] in dag Extract on 2023-04-28T21:23:11.605512+00:00 ... 
[2023-04-28T21:28:19.165+0000] {external_task.py:203} INFO - Poking for tasks ['extract'] in dag Extract on 2023-04-28T21:23:11.605512+00:00 ... 
[2023-04-28T21:29:19.242+0000] {external_task.py:203} INFO - Poking for tasks ['extract'] in dag Extract on 2023-04-28T21:23:11.605512+00:00 ... 
[2023-04-28T21:30:19.272+0000] {external_task.py:203} INFO - Poking for tasks ['extract'] in dag Extract on 2023-04-28T21:23:11.605512+00:00 ... 
[2023-04-28T21:31:19.335+0000] {external_task.py:203} INFO - Poking for tasks ['extract'] in dag Extract on 2023-04-28T21:23:11.605512+00:00 ... 
[2023-04-28T21:32:19.464+0000] {external_task.py:203} INFO - Poking for tasks ['extract'] in dag Extract on 2023-04-28T21:23:11.605512+00:00 ... 
[2023-04-28T21:33:19.507+0000] {external_task.py:203} INFO - Poking for tasks ['extract'] in dag Extract on 2023-04-28T21:23:11.605512+00:00 ... 
[2023-04-28T21:34:19.547+0000] {external_task.py:203} INFO - Poking for tasks ['extract'] in dag Extract on 2023-04-28T21:23:11.605512+00:00 ... 
[2023-04-28T21:35:19.614+0000] {external_task.py:203} INFO - Poking for tasks ['extract'] in dag Extract on 2023-04-28T21:23:11.605512+00:00 ... 
[2023-04-28T21:36:19.678+0000] {external_task.py:203} INFO - Poking for tasks ['extract'] in dag Extract on 2023-04-28T21:23:11.605512+00:00 ... 
[2023-04-28T21:37:19.744+0000] {external_task.py:203} INFO - Poking for tasks ['extract'] in dag Extract on 2023-04-28T21:23:11.605512+00:00 ... 
[2023-04-28T21:38:19.814+0000] {external_task.py:203} INFO - Poking for tasks ['extract'] in dag Extract on 2023-04-28T21:23:11.605512+00:00 ... 
[2023-04-28T21:39:22.239+0000] {external_task.py:203} INFO - Poking for tasks ['extract'] in dag Extract on 2023-04-28T21:23:11.605512+00:00 ... 
[2023-04-28T21:40:22.314+0000] {external_task.py:203} INFO - Poking for tasks ['extract'] in dag Extract on 2023-04-28T21:23:11.605512+00:00 ... 
[2023-04-28T21:41:22.384+0000] {external_task.py:203} INFO - Poking for tasks ['extract'] in dag Extract on 2023-04-28T21:23:11.605512+00:00 ... 
[2023-04-28T21:42:22.414+0000] {external_task.py:203} INFO - Poking for tasks ['extract'] in dag Extract on 2023-04-28T21:23:11.605512+00:00 ... 
[2023-04-28T21:43:22.476+0000] {external_task.py:203} INFO - Poking for tasks ['extract'] in dag Extract on 2023-04-28T21:23:11.605512+00:00 ... 
[2023-04-28T21:44:22.549+0000] {external_task.py:203} INFO - Poking for tasks ['extract'] in dag Extract on 2023-04-28T21:23:11.605512+00:00 ... 
[2023-04-28T21:45:22.613+0000] {external_task.py:203} INFO - Poking for tasks ['extract'] in dag Extract on 2023-04-28T21:23:11.605512+00:00 ... 
[2023-04-28T21:46:22.646+0000] {external_task.py:203} INFO - Poking for tasks ['extract'] in dag Extract on 2023-04-28T21:23:11.605512+00:00 ... 
[2023-04-28T21:47:22.714+0000] {external_task.py:203} INFO - Poking for tasks ['extract'] in dag Extract on 2023-04-28T21:23:11.605512+00:00 ... 
[2023-04-28T21:48:22.784+0000] {external_task.py:203} INFO - Poking for tasks ['extract'] in dag Extract on 2023-04-28T21:23:11.605512+00:00 ... 
[2023-04-28T21:49:22.854+0000] {external_task.py:203} INFO - Poking for tasks ['extract'] in dag Extract on 2023-04-28T21:23:11.605512+00:00 ... 
[2023-04-28T21:50:22.918+0000] {external_task.py:203} INFO - Poking for tasks ['extract'] in dag Extract on 2023-04-28T21:23:11.605512+00:00 ... 
[2023-04-29T05:05:41.717+0000] {taskinstance.py:1077} INFO - Dependencies not met for <TaskInstance: Transform.wait_for_extraction manual__2023-04-28T21:23:11.605512+00:00 [running]>, dependency 'Task Instance Not Running' FAILED: Task is in the running state
[2023-04-29T05:05:41.732+0000] {taskinstance.py:1077} INFO - Dependencies not met for <TaskInstance: Transform.wait_for_extraction manual__2023-04-28T21:23:11.605512+00:00 [running]>, dependency 'Task Instance State' FAILED: Task is in the 'running' state.
[2023-04-29T05:05:41.817+0000] {local_task_job.py:98} INFO - Task is not able to be run
